0 verbose cli [ '/usr/bin/node', '/bin/npm', 'start' ]
1 info using npm@7.6.3
2 info using node@v10.24.0
3 timing config:load:defaults Completed in 2ms
4 timing config:load:file:/usr/lib/node_modules/npm/npmrc Completed in 1ms
5 timing config:load:builtin Completed in 1ms
6 timing config:load:cli Completed in 2ms
7 timing config:load:env Completed in 1ms
8 timing config:load:project Completed in 1ms
9 timing config:load:file:/root/.npmrc Completed in 0ms
10 timing config:load:user Completed in 0ms
11 timing config:load:file:/usr/etc/npmrc Completed in 0ms
12 timing config:load:global Completed in 0ms
13 timing config:load:cafile Completed in 0ms
14 timing config:load:validate Completed in 1ms
15 timing config:load:setUserAgent Completed in 0ms
16 timing config:load:setEnvs Completed in 1ms
17 timing config:load Completed in 9ms
18 verbose npm-session c0f74d9fa79bb550
19 timing npm:load Completed in 20ms
20 timing command:run-script Completed in 2ms
21 timing command:start Completed in 6ms
22 verbose stack Error: missing script: start
22 verbose stack     at RunScript.run (/usr/lib/node_modules/npm/lib/run-script.js:72:13)
23 verbose cwd /root
24 verbose Linux 4.14.219-164.354.amzn2.x86_64
25 verbose argv "/usr/bin/node" "/bin/npm" "start"
26 verbose node v10.24.0
27 verbose npm  v7.6.3
28 error missing script: start
29 verbose exit 1
